c:\users\mera\documents\stick\facultate\an3_2\ip\opencvapplication-vs2019_ocv451_basic\x64\debug\opencvapplication.pch
c:\users\mera\documents\stick\facultate\an3_2\ip\opencvapplication-vs2019_ocv451_basic\x64\debug\vc143.pdb
c:\users\mera\documents\stick\facultate\an3_2\ip\opencvapplication-vs2019_ocv451_basic\x64\debug\vc143.idb
c:\users\mera\documents\stick\facultate\an3_2\ip\opencvapplication-vs2019_ocv451_basic\x64\debug\stdafx.obj
c:\users\mera\documents\stick\facultate\an3_2\ip\opencvapplication-vs2019_ocv451_basic\x64\debug\opencvapplication.obj
c:\users\mera\documents\stick\facultate\an3_2\ip\opencvapplication-vs2019_ocv451_basic\x64\debug\common.obj
c:\users\mera\documents\stick\facultate\an3_2\ip\project\x64\debug\opencvapplication.pch
c:\users\mera\documents\stick\facultate\an3_2\ip\project\x64\debug\vc143.pdb
c:\users\mera\documents\stick\facultate\an3_2\ip\project\x64\debug\vc143.idb
c:\users\mera\documents\stick\facultate\an3_2\ip\project\x64\debug\stdafx.obj
c:\users\mera\documents\stick\facultate\an3_2\ip\project\x64\debug\opencvapplication.obj
c:\users\mera\documents\stick\facultate\an3_2\ip\project\x64\debug\common.obj
c:\users\mera\documents\stick\facultate\an3_2\ip\opencvapplication-vs2019_ocv451_basic\x64\debug\opencvapplication.exe
c:\users\mera\documents\stick\facultate\an3_2\ip\opencvapplication-vs2019_ocv451_basic\x64\debug\opencvapplication.ilk
c:\users\mera\documents\stick\facultate\an3_2\ip\opencvapplication-vs2019_ocv451_basic\x64\debug\opencvapplication.pdb
c:\users\mera\documents\stick\facultate\an3_2\ip\project\x64\debug\opencvapplication.exe
c:\users\mera\documents\stick\facultate\an3_2\ip\project\x64\debug\opencvapplication.ilk
c:\users\mera\documents\stick\facultate\an3_2\ip\project\x64\debug\opencvapplication.pdb
c:\users\mera\documents\stick\facultate\an3_2\ip\project\x64\debug\opencvap.32a91de2.tlog\cl.command.1.tlog
c:\users\mera\documents\stick\facultate\an3_2\ip\project\x64\debug\opencvap.32a91de2.tlog\cl.read.1.tlog
c:\users\mera\documents\stick\facultate\an3_2\ip\project\x64\debug\opencvap.32a91de2.tlog\cl.write.1.tlog
c:\users\mera\documents\stick\facultate\an3_2\ip\project\x64\debug\opencvap.32a91de2.tlog\link.command.1.tlog
c:\users\mera\documents\stick\facultate\an3_2\ip\project\x64\debug\opencvap.32a91de2.tlog\link.read.1.tlog
c:\users\mera\documents\stick\facultate\an3_2\ip\project\x64\debug\opencvap.32a91de2.tlog\link.write.1.tlog
